<?xml version="1.0" encoding="UTF-8"?>
<testsuite xmlns:xsi="http://www.w3.org/2001/XMLSchema-instance" xsi:noNamespaceSchemaLocation="https://maven.apache.org/surefire/maven-surefire-plugin/xsd/surefire-test-report.xsd" version="3.0.2" name="com.gestorpro.ti_service.TIServiceApplicationTests" time="7.07" tests="1" errors="0" skipped="0" failures="0">
  <properties>
[...]
</properties>
  <testcase name="contextLoads" classname="com.gestorpro.ti_service.TIServiceApplicationTests" time="0.41">
    <system-out><![CDATA[10:03:37.198 [main] INFO org.springframework.test.context.support.AnnotationConfigContextLoaderUtils -- Could not detect default configuration classes for test class [com.gestorpro.ti_service.TIServiceApplicationTests]: TIServiceApplicationTests does not declare any static, non-private, non-final, nested classes annotated with @Configuration.
10:03:37.369 [main] INFO org.springframework.boot.test.context.SpringBootTestContextBootstrapper -- Found @SpringBootConfiguration com.gestorpro.ti_service.TIServiceApplication for test class com.gestorpro.ti_service.TIServiceApplicationTests
10:03:37.601 [main] INFO org.springframework.boot.devtools.restart.RestartApplicationListener -- Restart disabled due to context in which it is running

  .   ____          _            __ _ _
 /\\ / ___'_ __ _ _(_)_ __  __ _ \ \ \ \
( ( )\___ | '_ | '_| | '_ \/ _` | \ \ \ \
 \\/  ___)| |_)| | | | | || (_| |  ) ) ) )
  '  |____| .__|_| |_|_| |_\__, | / / / /
 =========|_|==============|___/=/_/_/_/

 :: Spring Boot ::                (v3.5.3)

2025-07-07T10:03:38.024-03:00  INFO 4572 --- [ti-service] [           main] c.g.t.TIServiceApplicationTests          : Starting TIServiceApplicationTests using Java 24.0.1 with PID 4572 (started by Pedro in C:\Users\Pedro\IdeaProjects\GestorProBackend\ti-service)
2025-07-07T10:03:38.026-03:00  INFO 4572 --- [ti-service] [           main] c.g.t.TIServiceApplicationTests          : No active profile set, falling back to 1 default profile: "default"
2025-07-07T10:03:39.071-03:00  INFO 4572 --- [ti-service] [           main] .s.d.r.c.RepositoryConfigurationDelegate : Bootstrapping Spring Data JPA repositories in DEFAULT mode.
2025-07-07T10:03:39.151-03:00  INFO 4572 --- [ti-service] [           main] .s.d.r.c.RepositoryConfigurationDelegate : Finished Spring Data repository scanning in 67 ms. Found 1 JPA repository interface.
2025-07-07T10:03:39.877-03:00  INFO 4572 --- [ti-service] [           main] o.hibernate.jpa.internal.util.LogHelper  : HHH000204: Processing PersistenceUnitInfo [name: default]
2025-07-07T10:03:39.953-03:00  INFO 4572 --- [ti-service] [           main] org.hibernate.Version                    : HHH000412: Hibernate ORM core version 6.6.18.Final
2025-07-07T10:03:40.027-03:00  INFO 4572 --- [ti-service] [           main] o.h.c.internal.RegionFactoryInitiator    : HHH000026: Second-level cache disabled
2025-07-07T10:03:40.493-03:00  INFO 4572 --- [ti-service] [           main] o.s.o.j.p.SpringPersistenceUnitInfo      : No LoadTimeWeaver setup: ignoring JPA class transformer
2025-07-07T10:03:40.528-03:00  INFO 4572 --- [ti-service] [           main] com.zaxxer.hikari.HikariDataSource       : HikariPool-1 - Starting...
2025-07-07T10:03:40.762-03:00  INFO 4572 --- [ti-service] [           main] com.zaxxer.hikari.pool.HikariPool        : HikariPool-1 - Added connection com.mysql.cj.jdbc.ConnectionImpl@359e27d2
2025-07-07T10:03:40.764-03:00  INFO 4572 --- [ti-service] [           main] com.zaxxer.hikari.HikariDataSource       : HikariPool-1 - Start completed.
2025-07-07T10:03:40.814-03:00  WARN 4572 --- [ti-service] [           main] org.hibernate.orm.deprecation            : HHH90000025: MySQL8Dialect does not need to be specified explicitly using 'hibernate.dialect' (remove the property setting and it will be selected by default)
2025-07-07T10:03:40.815-03:00  WARN 4572 --- [ti-service] [           main] org.hibernate.orm.deprecation            : HHH90000026: MySQL8Dialect has been deprecated; use org.hibernate.dialect.MySQLDialect instead
2025-07-07T10:03:40.835-03:00  INFO 4572 --- [ti-service] [           main] org.hibernate.orm.connections.pooling    : HHH10001005: Database info:
	Database JDBC URL [Connecting through datasource 'HikariDataSource (HikariPool-1)']
	Database driver: undefined/unknown
	Database version: 8.0
	Autocommit mode: undefined/unknown
	Isolation level: undefined/unknown
	Minimum pool size: undefined/unknown
	Maximum pool size: undefined/unknown
2025-07-07T10:03:41.804-03:00  INFO 4572 --- [ti-service] [           main] o.h.e.t.j.p.i.JtaPlatformInitiator       : HHH000489: No JTA platform available (set 'hibernate.transaction.jta.platform' to enable JTA platform integration)
Hibernate: create table chamados_suporte (id bigint not null auto_increment, data_fechamento datetime(6), data_hora_criacao datetime(6) not null, fechado_por varchar(255), motivo_cancelamento TEXT, motivo_reabertura TEXT, solicitante_email varchar(255) not null, solucao TEXT, status enum ('ABERTO','CANCELADO','EM_ANDAMENTO','FECHADO','RESOLVIDO') not null, tipo_problema varchar(255) not null, urgencia varchar(255) not null, primary key (id)) engine=InnoDB
2025-07-07T10:03:41.887-03:00  INFO 4572 --- [ti-service] [           main] j.LocalContainerEntityManagerFactoryBean : Initialized JPA EntityManagerFactory for persistence unit 'default'
2025-07-07T10:03:42.493-03:00  WARN 4572 --- [ti-service] [           main] JpaBaseConfiguration$JpaWebConfiguration : spring.jpa.open-in-view is enabled by default. Therefore, database queries may be performed during view rendering. Explicitly configure spring.jpa.open-in-view to disable this warning
2025-07-07T10:03:42.828-03:00  WARN 4572 --- [ti-service] [           main] .s.s.UserDetailsServiceAutoConfiguration : 

Using generated security password: d17c1965-904a-4959-bd2f-8510f2dbe7ef

This generated password is for development use only. Your security configuration must be updated before running your application in production.

2025-07-07T10:03:42.843-03:00  INFO 4572 --- [ti-service] [           main] r$InitializeUserDetailsManagerConfigurer : Global AuthenticationManager configured with UserDetailsService bean with name inMemoryUserDetailsManager
2025-07-07T10:03:43.358-03:00  INFO 4572 --- [ti-service] [           main] c.g.t.TIServiceApplicationTests          : Started TIServiceApplicationTests in 5.771 seconds (process running for 7.266)
--- EXECUTANDO TESTE INICIAL ---
Abrindo um novo chamado...
Hibernate: insert into chamados_suporte (data_fechamento,data_hora_criacao,fechado_por,motivo_cancelamento,motivo_reabertura,solicitante_email,solucao,status,tipo_problema,urgencia) values (?,?,?,?,?,?,?,?,?,?)
Chamado aberto com sucesso!

Listando todos os chamados:
Hibernate: select cs1_0.id,cs1_0.data_fechamento,cs1_0.data_hora_criacao,cs1_0.fechado_por,cs1_0.motivo_cancelamento,cs1_0.motivo_reabertura,cs1_0.solicitante_email,cs1_0.solucao,cs1_0.status,cs1_0.tipo_problema,cs1_0.urgencia from chamados_suporte cs1_0
ChamadoResponse[id=1, tipoProblema=Problema no Login, urgencia=Urgente, solicitanteEmail=yanovaes@id.uff.br, status=ABERTO, dataHoraCriacao=2025-07-07T10:03:43.372603]
--- TESTE INICIAL CONCLUÍDO ---
]]></system-out>
    <system-err><![CDATA[Mockito is currently self-attaching to enable the inline-mock-maker. This will no longer work in future releases of the JDK. Please add Mockito as an agent to your build as described in Mockito's documentation: https://javadoc.io/doc/org.mockito/mockito-core/latest/org.mockito/org/mockito/Mockito.html#0.3
WARNING: A Java agent has been loaded dynamically (C:\Users\Pedro\.m2\repository\net\bytebuddy\byte-buddy-agent\1.17.6\byte-buddy-agent-1.17.6.jar)
WARNING: If a serviceability tool is in use, please run with -XX:+EnableDynamicAgentLoading to hide this warning
WARNING: If a serviceability tool is not in use, please run with -Djdk.instrument.traceUsage for more information
WARNING: Dynamic loading of agents will be disallowed by default in a future release
]]></system-err>
  </testcase>
</testsuite>